[2018-04-06 14:47:19.618] [exthost1] [info] extension host started
[2018-04-06 14:47:19.698] [exthost1] [info] ExtensionService#_doActivateExtension vscode.emmet {"startup":true,"activationEvent":"*"}
[2018-04-06 14:47:19.704] [exthost1] [info] ExtensionService#loadCommonJSModule /usr/share/code/resources/app/extensions/emmet/out/extension
[2018-04-06 14:47:19.861] [exthost1] [info] ExtensionService#_doActivateExtension vscode.git {"startup":true,"activationEvent":"*"}
[2018-04-06 14:47:19.862] [exthost1] [info] ExtensionService#loadCommonJSModule /usr/share/code/resources/app/extensions/git/out/main
[2018-04-06 14:47:20.045] [exthost1] [info] ExtensionService#_doActivateExtension vscode.merge-conflict {"startup":true,"activationEvent":"*"}
[2018-04-06 14:47:20.045] [exthost1] [info] ExtensionService#loadCommonJSModule /usr/share/code/resources/app/extensions/merge-conflict/out/extension
[2018-04-06 14:47:20.067] [exthost1] [info] eager extensions activated
[2018-04-06 14:47:31.401] [exthost1] [info] ExtensionService#_doActivateExtension vscode.typescript-language-features {"startup":false,"activationEvent":"onLanguage:javascript"}
[2018-04-06 14:47:31.401] [exthost1] [info] ExtensionService#loadCommonJSModule /usr/share/code/resources/app/extensions/typescript/out/extension
[2018-04-06 14:47:31.665] [exthost1] [info] ExtensionService#_doActivateExtension AndrewRazumovsky.vscode-styled-jsx-languageserver {"startup":false,"activationEvent":"onLanguage:javascript"}
[2018-04-06 14:47:31.665] [exthost1] [info] ExtensionService#loadCommonJSModule /root/.vscode/extensions/AndrewRazumovsky.vscode-styled-jsx-languageserver-1.0.0/client/out/extension
[2018-04-06 14:47:31.785] [exthost1] [info] ExtensionService#_doActivateExtension NuclleaR.vscode-extension-auto-import {"startup":false,"activationEvent":"onLanguage:javascript"}
[2018-04-06 14:47:31.785] [exthost1] [info] ExtensionService#loadCommonJSModule /root/.vscode/extensions/NuclleaR.vscode-extension-auto-import-1.4.1/out/src/extension
[2018-04-06 14:47:57.481] [exthost1] [info] extension host started
[2018-04-06 14:47:57.557] [exthost1] [info] ExtensionService#_doActivateExtension vscode.emmet {"startup":true,"activationEvent":"*"}
[2018-04-06 14:47:57.557] [exthost1] [info] ExtensionService#loadCommonJSModule /usr/share/code/resources/app/extensions/emmet/out/extension
[2018-04-06 14:47:57.731] [exthost1] [info] ExtensionService#_doActivateExtension vscode.git {"startup":true,"activationEvent":"*"}
[2018-04-06 14:47:57.731] [exthost1] [info] ExtensionService#loadCommonJSModule /usr/share/code/resources/app/extensions/git/out/main
[2018-04-06 14:47:57.887] [exthost1] [info] ExtensionService#_doActivateExtension vscode.merge-conflict {"startup":true,"activationEvent":"*"}
[2018-04-06 14:47:57.887] [exthost1] [info] ExtensionService#loadCommonJSModule /usr/share/code/resources/app/extensions/merge-conflict/out/extension
[2018-04-06 14:47:57.908] [exthost1] [info] eager extensions activated
[2018-04-06 14:48:06.369] [exthost1] [info] extension host started
[2018-04-06 14:48:06.414] [exthost1] [info] ExtensionService#_doActivateExtension vscode.emmet {"startup":true,"activationEvent":"*"}
[2018-04-06 14:48:06.414] [exthost1] [info] ExtensionService#loadCommonJSModule /usr/share/code/resources/app/extensions/emmet/out/extension
[2018-04-06 14:48:06.602] [exthost1] [info] ExtensionService#_doActivateExtension vscode.git {"startup":true,"activationEvent":"*"}
[2018-04-06 14:48:06.602] [exthost1] [info] ExtensionService#loadCommonJSModule /usr/share/code/resources/app/extensions/git/out/main
[2018-04-06 14:48:06.816] [exthost1] [info] ExtensionService#_doActivateExtension vscode.merge-conflict {"startup":true,"activationEvent":"*"}
[2018-04-06 14:48:06.816] [exthost1] [info] ExtensionService#loadCommonJSModule /usr/share/code/resources/app/extensions/merge-conflict/out/extension
[2018-04-06 14:48:06.841] [exthost1] [info] ExtensionService#_doActivateExtension HookyQR.beautify {"startup":true,"activationEvent":"*"}
[2018-04-06 14:48:06.841] [exthost1] [info] ExtensionService#loadCommonJSModule /root/.vscode/extensions/HookyQR.beautify-1.3.0/extension
[2018-04-06 14:48:06.924] [exthost1] [info] eager extensions activated
[2018-04-06 14:48:09.347] [exthost1] [info] ExtensionService#_doActivateExtension vscode.typescript-language-features {"startup":false,"activationEvent":"onLanguage:javascript"}
[2018-04-06 14:48:09.347] [exthost1] [info] ExtensionService#loadCommonJSModule /usr/share/code/resources/app/extensions/typescript/out/extension
[2018-04-06 14:48:09.571] [exthost1] [info] ExtensionService#_doActivateExtension AndrewRazumovsky.vscode-styled-jsx-languageserver {"startup":false,"activationEvent":"onLanguage:javascript"}
[2018-04-06 14:48:09.571] [exthost1] [info] ExtensionService#loadCommonJSModule /root/.vscode/extensions/AndrewRazumovsky.vscode-styled-jsx-languageserver-1.0.0/client/out/extension
[2018-04-06 14:48:09.657] [exthost1] [info] ExtensionService#_doActivateExtension NuclleaR.vscode-extension-auto-import {"startup":false,"activationEvent":"onLanguage:javascript"}
[2018-04-06 14:48:09.657] [exthost1] [info] ExtensionService#loadCommonJSModule /root/.vscode/extensions/NuclleaR.vscode-extension-auto-import-1.4.1/out/src/extension
[2018-04-06 14:52:19.011] [exthost1] [info] ExtensionService#_doActivateExtension vscode.extension-editing {"startup":false,"activationEvent":"onLanguage:typescript"}
[2018-04-06 14:52:19.012] [exthost1] [info] ExtensionService#loadCommonJSModule /usr/share/code/resources/app/extensions/extension-editing/out/extension
[2018-04-06 14:54:23.542] [exthost1] [info] extension host started
[2018-04-06 14:54:23.578] [exthost1] [info] ExtensionService#_doActivateExtension vscode.emmet {"startup":true,"activationEvent":"*"}
[2018-04-06 14:54:23.578] [exthost1] [info] ExtensionService#loadCommonJSModule /usr/share/code/resources/app/extensions/emmet/out/extension
[2018-04-06 14:54:23.687] [exthost1] [info] ExtensionService#_doActivateExtension vscode.git {"startup":true,"activationEvent":"*"}
[2018-04-06 14:54:23.687] [exthost1] [info] ExtensionService#loadCommonJSModule /usr/share/code/resources/app/extensions/git/out/main
[2018-04-06 14:54:23.950] [exthost1] [info] ExtensionService#_doActivateExtension vscode.merge-conflict {"startup":true,"activationEvent":"*"}
[2018-04-06 14:54:23.950] [exthost1] [info] ExtensionService#loadCommonJSModule /usr/share/code/resources/app/extensions/merge-conflict/out/extension
[2018-04-06 14:54:23.982] [exthost1] [info] ExtensionService#_doActivateExtension HookyQR.beautify {"startup":true,"activationEvent":"*"}
[2018-04-06 14:54:23.982] [exthost1] [info] ExtensionService#loadCommonJSModule /root/.vscode/extensions/HookyQR.beautify-1.3.0/extension
[2018-04-06 14:54:24.091] [exthost1] [info] ExtensionService#_doActivateExtension ms-vscode.node-debug2 {"startup":true,"activationEvent":"workspaceContains:./node_modules/react-native/package.json"}
[2018-04-06 14:54:24.091] [exthost1] [info] ExtensionService#loadCommonJSModule /usr/share/code/resources/app/extensions/ms-vscode.node-debug2/out/src/extension
[2018-04-06 14:54:24.101] [exthost1] [info] eager extensions activated
[2018-04-06 14:54:24.104] [exthost1] [info] ExtensionService#_doActivateExtension vscode.typescript-language-features {"startup":false,"activationEvent":"onLanguage:javascript"}
[2018-04-06 14:54:24.104] [exthost1] [info] ExtensionService#loadCommonJSModule /usr/share/code/resources/app/extensions/typescript/out/extension
[2018-04-06 14:54:24.270] [exthost1] [info] ExtensionService#_doActivateExtension AndrewRazumovsky.vscode-styled-jsx-languageserver {"startup":false,"activationEvent":"onLanguage:javascript"}
[2018-04-06 14:54:24.270] [exthost1] [info] ExtensionService#loadCommonJSModule /root/.vscode/extensions/AndrewRazumovsky.vscode-styled-jsx-languageserver-1.0.0/client/out/extension
[2018-04-06 14:54:24.322] [exthost1] [info] ExtensionService#_doActivateExtension NuclleaR.vscode-extension-auto-import {"startup":false,"activationEvent":"onLanguage:javascript"}
[2018-04-06 14:54:24.322] [exthost1] [info] ExtensionService#loadCommonJSModule /root/.vscode/extensions/NuclleaR.vscode-extension-auto-import-1.4.1/out/src/extension
[2018-04-06 14:54:24.425] [exthost1] [info] ExtensionService#_doActivateExtension vsmobile.vscode-react-native {"startup":true,"activationEvent":"workspaceContains:./node_modules/react-native/package.json"}
[2018-04-06 14:54:24.425] [exthost1] [info] ExtensionService#loadCommonJSModule /root/.vscode/extensions/vsmobile.vscode-react-native-0.6.6/src/extension/rn-extension
[2018-04-06 14:55:12.106] [exthost1] [info] ExtensionService#_doActivateExtension vscode.extension-editing {"startup":false,"activationEvent":"onLanguage:typescript"}
[2018-04-06 14:55:12.106] [exthost1] [info] ExtensionService#loadCommonJSModule /usr/share/code/resources/app/extensions/extension-editing/out/extension
