[2018-04-06 14:47:16.857] [sharedprocess] [info] main {"machineId":"fba60a6f03b62f661d047839410f71d3236e7917f365cdb85dac48f27fb6bc38"}
[2018-04-06 14:47:16.904] [sharedprocess] [info] Scanned user extensions: 5
[2018-04-06 14:47:17.005] [sharedprocess] [info] Scanned system extensions: 65
[2018-04-06 14:47:19.159] [sharedprocess] [info] Scanned user extensions: 5
[2018-04-06 14:47:19.162] [sharedprocess] [info] Scanned user extensions: 5
[2018-04-06 14:47:19.175] [sharedprocess] [info] Scanned user extensions: 5
[2018-04-06 14:47:19.356] [sharedprocess] [info] Scanned system extensions: 65
[2018-04-06 14:47:19.360] [sharedprocess] [info] Scanned system extensions: 65
[2018-04-06 14:47:21.756] [sharedprocess] [info] Scanned user extensions: 5
[2018-04-06 14:47:35.649] [sharedprocess] [info] Scanned user extensions: 5
[2018-04-06 14:47:35.656] [sharedprocess] [info] Scanned user extensions: 5
[2018-04-06 14:47:35.657] [sharedprocess] [info] Scanned user extensions: 5
[2018-04-06 14:47:35.841] [sharedprocess] [info] Scanned system extensions: 65
[2018-04-06 14:47:35.852] [sharedprocess] [info] Scanned system extensions: 65
[2018-04-06 14:47:48.942] [sharedprocess] [info] Installing extension: full-react-snippets
[2018-04-06 14:47:50.029] [sharedprocess] [info] Downloaded extension: full-react-snippets
[2018-04-06 14:47:50.164] [sharedprocess] [info] Extracted extension to /root/.vscode/extensions/walter-ribeiro.full-react-snippets-1.1.2: walter-ribeiro.full-react-snippets-1.1.2
[2018-04-06 14:47:50.172] [sharedprocess] [info] Updated metadata of the extension: walter-ribeiro.full-react-snippets-1.1.2
[2018-04-06 14:47:50.173] [sharedprocess] [info] Extensions installed successfully: walter-ribeiro.full-react-snippets
[2018-04-06 14:47:50.341] [sharedprocess] [info] Scanned user extensions: 6
[2018-04-06 14:47:50.428] [sharedprocess] [info] Scanned system extensions: 65
[2018-04-06 14:47:56.453] [sharedprocess] [info] Scanned user extensions: 6
[2018-04-06 14:47:56.455] [sharedprocess] [info] Scanned user extensions: 6
[2018-04-06 14:47:56.471] [sharedprocess] [info] Scanned user extensions: 6
[2018-04-06 14:47:56.513] [sharedprocess] [info] Scanned user extensions: 6
[2018-04-06 14:47:56.518] [sharedprocess] [info] Scanned user extensions: 6
[2018-04-06 14:47:56.616] [sharedprocess] [info] Scanned system extensions: 65
[2018-04-06 14:47:56.622] [sharedprocess] [info] Scanned system extensions: 65
[2018-04-06 14:47:56.626] [sharedprocess] [info] Scanned system extensions: 65
[2018-04-06 14:47:56.863] [sharedprocess] [info] Starting to clean up unused language packs.
[2018-04-06 14:47:59.763] [sharedprocess] [info] Scanned user extensions: 6
[2018-04-06 14:48:00.960] [sharedprocess] [info] Installing extension: beautify
[2018-04-06 14:48:02.027] [sharedprocess] [info] Downloaded extension: beautify
[2018-04-06 14:48:02.653] [sharedprocess] [info] Extracted extension to /root/.vscode/extensions/HookyQR.beautify-1.3.0: HookyQR.beautify-1.3.0
[2018-04-06 14:48:02.659] [sharedprocess] [info] Updated metadata of the extension: HookyQR.beautify-1.3.0
[2018-04-06 14:48:02.659] [sharedprocess] [info] Extensions installed successfully: HookyQR.beautify
[2018-04-06 14:48:02.793] [sharedprocess] [info] Scanned user extensions: 7
[2018-04-06 14:48:02.828] [sharedprocess] [info] Scanned system extensions: 65
[2018-04-06 14:48:05.516] [sharedprocess] [info] Scanned user extensions: 7
[2018-04-06 14:48:05.518] [sharedprocess] [info] Scanned user extensions: 7
[2018-04-06 14:48:05.524] [sharedprocess] [info] Scanned user extensions: 7
[2018-04-06 14:48:05.540] [sharedprocess] [info] Scanned user extensions: 7
[2018-04-06 14:48:05.552] [sharedprocess] [info] Scanned user extensions: 7
[2018-04-06 14:48:05.598] [sharedprocess] [info] Scanned system extensions: 65
[2018-04-06 14:48:05.600] [sharedprocess] [info] Scanned system extensions: 65
[2018-04-06 14:48:05.603] [sharedprocess] [info] Scanned system extensions: 65
[2018-04-06 14:48:08.770] [sharedprocess] [info] Scanned user extensions: 7
[2018-04-06 14:53:08.856] [sharedprocess] [info] Scanned user extensions: 7
[2018-04-06 14:53:51.377] [sharedprocess] [info] Installing extension: vscode-react-native
[2018-04-06 14:53:51.392] [sharedprocess] [info] Scanned user extensions: 7
[2018-04-06 14:53:51.443] [sharedprocess] [info] Scanned system extensions: 65
[2018-04-06 14:53:52.604] [sharedprocess] [info] Installing extension: react-native-snippet
[2018-04-06 14:53:55.179] [sharedprocess] [info] Downloaded extension: react-native-snippet
[2018-04-06 14:53:55.241] [sharedprocess] [info] Extracted extension to /root/.vscode/extensions/jundat95.react-native-snippet-0.4.2: jundat95.react-native-snippet-0.4.2
[2018-04-06 14:53:55.259] [sharedprocess] [info] Updated metadata of the extension: jundat95.react-native-snippet-0.4.2
[2018-04-06 14:53:55.259] [sharedprocess] [info] Extensions installed successfully: jundat95.react-native-snippet
[2018-04-06 14:53:55.445] [sharedprocess] [info] Scanned user extensions: 8
[2018-04-06 14:53:55.475] [sharedprocess] [info] Scanned system extensions: 65
[2018-04-06 14:54:02.835] [sharedprocess] [info] Downloaded extension: vscode-react-native
[2018-04-06 14:54:11.072] [sharedprocess] [info] Extracted extension to /root/.vscode/extensions/vsmobile.vscode-react-native-0.6.6: vsmobile.vscode-react-native-0.6.6
[2018-04-06 14:54:11.090] [sharedprocess] [info] Updated metadata of the extension: vsmobile.vscode-react-native-0.6.6
[2018-04-06 14:54:11.091] [sharedprocess] [info] Extensions installed successfully: vsmobile.vscode-react-native
[2018-04-06 14:54:11.267] [sharedprocess] [info] Scanned user extensions: 9
[2018-04-06 14:54:11.303] [sharedprocess] [info] Scanned system extensions: 65
[2018-04-06 14:54:22.390] [sharedprocess] [info] Scanned user extensions: 9
[2018-04-06 14:54:22.391] [sharedprocess] [info] Scanned user extensions: 9
[2018-04-06 14:54:22.398] [sharedprocess] [info] Scanned user extensions: 9
[2018-04-06 14:54:22.410] [sharedprocess] [info] Scanned user extensions: 9
[2018-04-06 14:54:22.412] [sharedprocess] [info] Scanned user extensions: 9
[2018-04-06 14:54:22.512] [sharedprocess] [info] Scanned system extensions: 65
[2018-04-06 14:54:22.517] [sharedprocess] [info] Scanned system extensions: 65
[2018-04-06 14:54:22.520] [sharedprocess] [info] Scanned system extensions: 65
[2018-04-06 14:54:25.674] [sharedprocess] [info] Scanned user extensions: 9
[2018-04-06 14:59:25.861] [sharedprocess] [info] Scanned user extensions: 9
[2018-04-06 15:04:25.936] [sharedprocess] [info] Scanned user extensions: 9
[2018-04-06 15:09:25.962] [sharedprocess] [info] Scanned user extensions: 9
[2018-04-06 15:14:25.977] [sharedprocess] [info] Scanned user extensions: 9
[2018-04-06 15:19:26.028] [sharedprocess] [info] Scanned user extensions: 9
[2018-04-06 15:24:26.057] [sharedprocess] [info] Scanned user extensions: 9
[2018-04-06 15:29:26.129] [sharedprocess] [info] Scanned user extensions: 9
[2018-04-06 15:34:26.180] [sharedprocess] [info] Scanned user extensions: 9
[2018-04-06 15:39:26.218] [sharedprocess] [info] Scanned user extensions: 9
[2018-04-06 15:44:26.280] [sharedprocess] [info] Scanned user extensions: 9
[2018-04-06 15:49:26.587] [sharedprocess] [info] Scanned user extensions: 9
[2018-04-06 15:54:26.631] [sharedprocess] [info] Scanned user extensions: 9
[2018-04-06 15:59:26.695] [sharedprocess] [info] Scanned user extensions: 9
[2018-04-06 16:04:26.728] [sharedprocess] [info] Scanned user extensions: 9
[2018-04-06 16:09:26.761] [sharedprocess] [info] Scanned user extensions: 9
[2018-04-06 16:14:26.880] [sharedprocess] [info] Scanned user extensions: 9
[2018-04-06 16:19:27.015] [sharedprocess] [info] Scanned user extensions: 9
[2018-04-06 16:24:27.053] [sharedprocess] [info] Scanned user extensions: 9
[2018-04-06 16:29:27.096] [sharedprocess] [info] Scanned user extensions: 9
[2018-04-06 16:34:27.136] [sharedprocess] [info] Scanned user extensions: 9
[2018-04-06 16:39:27.173] [sharedprocess] [info] Scanned user extensions: 9
[2018-04-06 16:44:27.233] [sharedprocess] [info] Scanned user extensions: 9
[2018-04-06 16:49:27.495] [sharedprocess] [info] Scanned user extensions: 9
[2018-04-06 16:54:27.516] [sharedprocess] [info] Scanned user extensions: 9
[2018-04-06 16:59:27.609] [sharedprocess] [info] Scanned user extensions: 9
[2018-04-06 17:04:27.628] [sharedprocess] [info] Scanned user extensions: 9
[2018-04-06 17:09:27.651] [sharedprocess] [info] Scanned user extensions: 9
