[2018-04-06 18:19:43.972] [exthost1] [info] extension host started
[2018-04-06 18:19:44.061] [exthost1] [info] ExtensionService#_doActivateExtension vscode.emmet {"startup":true,"activationEvent":"*"}
[2018-04-06 18:19:44.062] [exthost1] [info] ExtensionService#loadCommonJSModule /usr/share/code/resources/app/extensions/emmet/out/extension
[2018-04-06 18:19:44.252] [exthost1] [info] ExtensionService#_doActivateExtension vscode.git {"startup":true,"activationEvent":"*"}
[2018-04-06 18:19:44.252] [exthost1] [info] ExtensionService#loadCommonJSModule /usr/share/code/resources/app/extensions/git/out/main
[2018-04-06 18:19:44.515] [exthost1] [info] ExtensionService#_doActivateExtension vscode.merge-conflict {"startup":true,"activationEvent":"*"}
[2018-04-06 18:19:44.515] [exthost1] [info] ExtensionService#loadCommonJSModule /usr/share/code/resources/app/extensions/merge-conflict/out/extension
[2018-04-06 18:19:44.545] [exthost1] [info] ExtensionService#_doActivateExtension HookyQR.beautify {"startup":true,"activationEvent":"*"}
[2018-04-06 18:19:44.545] [exthost1] [info] ExtensionService#loadCommonJSModule /root/.vscode/extensions/HookyQR.beautify-1.3.0/extension
[2018-04-06 18:19:44.653] [exthost1] [info] ExtensionService#_doActivateExtension ms-vscode.node-debug2 {"startup":true,"activationEvent":"workspaceContains:./node_modules/react-native/package.json"}
[2018-04-06 18:19:44.653] [exthost1] [info] ExtensionService#loadCommonJSModule /usr/share/code/resources/app/extensions/ms-vscode.node-debug2/out/src/extension
[2018-04-06 18:19:44.662] [exthost1] [info] eager extensions activated
[2018-04-06 18:19:44.667] [exthost1] [info] ExtensionService#_doActivateExtension vscode.configuration-editing {"startup":false,"activationEvent":"onLanguage:json"}
[2018-04-06 18:19:44.667] [exthost1] [info] ExtensionService#loadCommonJSModule /usr/share/code/resources/app/extensions/configuration-editing/out/extension
[2018-04-06 18:19:44.686] [exthost1] [info] ExtensionService#_doActivateExtension vscode.extension-editing {"startup":false,"activationEvent":"onLanguage:json"}
[2018-04-06 18:19:44.686] [exthost1] [info] ExtensionService#loadCommonJSModule /usr/share/code/resources/app/extensions/extension-editing/out/extension
[2018-04-06 18:19:44.714] [exthost1] [info] ExtensionService#_doActivateExtension vscode.json {"startup":false,"activationEvent":"onLanguage:json"}
[2018-04-06 18:19:44.714] [exthost1] [info] ExtensionService#loadCommonJSModule /usr/share/code/resources/app/extensions/json/client/out/jsonMain
[2018-04-06 18:19:44.902] [exthost1] [info] ExtensionService#_doActivateExtension vscode.npm {"startup":false,"activationEvent":"onLanguage:json"}
[2018-04-06 18:19:44.902] [exthost1] [info] ExtensionService#loadCommonJSModule /usr/share/code/resources/app/extensions/npm/out/main
[2018-04-06 18:19:44.964] [exthost1] [info] ExtensionService#_doActivateExtension vscode.typescript-language-features {"startup":false,"activationEvent":"onLanguage:javascript"}
[2018-04-06 18:19:44.964] [exthost1] [info] ExtensionService#loadCommonJSModule /usr/share/code/resources/app/extensions/typescript/out/extension
[2018-04-06 18:19:45.116] [exthost1] [info] ExtensionService#_doActivateExtension AndrewRazumovsky.vscode-styled-jsx-languageserver {"startup":false,"activationEvent":"onLanguage:javascript"}
[2018-04-06 18:19:45.116] [exthost1] [info] ExtensionService#loadCommonJSModule /root/.vscode/extensions/AndrewRazumovsky.vscode-styled-jsx-languageserver-1.0.0/client/out/extension
[2018-04-06 18:19:45.185] [exthost1] [info] ExtensionService#_doActivateExtension NuclleaR.vscode-extension-auto-import {"startup":false,"activationEvent":"onLanguage:javascript"}
[2018-04-06 18:19:45.185] [exthost1] [info] ExtensionService#loadCommonJSModule /root/.vscode/extensions/NuclleaR.vscode-extension-auto-import-1.4.1/out/src/extension
[2018-04-06 18:19:45.339] [exthost1] [info] ExtensionService#_doActivateExtension vsmobile.vscode-react-native {"startup":true,"activationEvent":"workspaceContains:./node_modules/react-native/package.json"}
[2018-04-06 18:19:45.339] [exthost1] [info] ExtensionService#loadCommonJSModule /root/.vscode/extensions/vsmobile.vscode-react-native-0.6.6/src/extension/rn-extension
